Importer Log Report
Document: C:\Users\nicho\OneDrive\Documents\TAFLab\TAFLab Arduino Boat\TAFLab Sensors.kicad_sch
    Section : Loading Schematic - C:\Users\nicho\OneDrive\Documents\TAFLab\TAFLab Arduino Boat\TAFLab Sensors.kicad_sch
        Warning: Unknown child generator_version of kicad_sch.
        Warning: Unknown child exclude_from_sim of symbol.
        Warning: Unknown child exclude_from_sim of symbol.
        Warning: Unknown child exclude_from_sim of symbol.
        Warning: Unknown child exclude_from_sim of symbol.
        Warning: Unknown child exclude_from_sim of symbol.
        Warning: Unknown child exclude_from_sim of symbol.
        Warning: Unknown child exclude_from_sim of symbol.
        Warning: Unknown child exclude_from_sim of symbol.
        Warning: Unknown child exclude_from_sim of symbol.
        Warning: Unknown child exclude_from_sim of symbol.
        Warning: Unknown child exclude_from_sim of symbol.
        Warning: Unknown child exclude_from_sim of symbol.
        Warning: Unknown child exclude_from_sim of symbol.
        Warning: Unknown child exclude_from_sim of symbol.
        Warning: Unknown child exclude_from_sim of symbol.
        Warning: Unknown child exclude_from_sim of symbol.
        Warning: Unknown child exclude_from_sim of symbol.
        Warning: Unknown child exclude_from_sim of symbol.
        Warning: Unknown child exclude_from_sim of symbol.
        Warning: Unknown child exclude_from_sim of symbol.
        Warning: Unknown child exclude_from_sim of symbol.
        Warning: Unknown child exclude_from_sim of symbol.
        Warning: Unknown child text_box of kicad_sch.
        Warning: Unknown child exclude_from_sim of text.
        Warning: Unknown child exclude_from_sim of text.
        Warning: Unknown child exclude_from_sim of text.
        Warning: Unknown child exclude_from_sim of text.
        Warning: Unknown child exclude_from_sim of text.
        Warning: Unknown child exclude_from_sim of text.
        Warning: Unknown child exclude_from_sim of text.
        Warning: Unknown child exclude_from_sim of text.
        Warning: Unknown child exclude_from_sim of text.
        Warning: Unknown child exclude_from_sim of text.
        Warning: Unknown child exclude_from_sim of text.
        Warning: Unknown child exclude_from_sim of text.
        Warning: Unknown child exclude_from_sim of text.
        Warning: Unknown child exclude_from_sim of text.
        Warning: Unknown child exclude_from_sim of text.
        Warning: Unknown child exclude_from_sim of text.
        Warning: Unknown child exclude_from_sim of text.
        Warning: Unknown child exclude_from_sim of text.
        Warning: Unknown child exclude_from_sim of text.
        Warning: Unknown child exclude_from_sim of text.
        Warning: Unknown child exclude_from_sim of text.
        Warning: Unknown child exclude_from_sim of text.
        Warning: Unknown child exclude_from_sim of text.
        Warning: Unknown child exclude_from_sim of text.
        Warning: Unknown child exclude_from_sim of text.
        Warning: Unknown child exclude_from_sim of symbol.
        Warning: Unknown child exclude_from_sim of symbol.
        Warning: Unknown child exclude_from_sim of symbol.
        Warning: Unknown child exclude_from_sim of symbol.
        Warning: Unknown child exclude_from_sim of symbol.
        Warning: Unknown child exclude_from_sim of symbol.
        Warning: Unknown child exclude_from_sim of symbol.
        Warning: Unknown child exclude_from_sim of symbol.
        Warning: Unknown child exclude_from_sim of symbol.
        Warning: Unknown child exclude_from_sim of symbol.
        Warning: Unknown child exclude_from_sim of symbol.
        Warning: Unknown child exclude_from_sim of symbol.
        Warning: Unknown child exclude_from_sim of symbol.
        Warning: Unknown child exclude_from_sim of symbol.
        Warning: Unknown child exclude_from_sim of symbol.
        Warning: Unknown child exclude_from_sim of symbol.
        Warning: Unknown child exclude_from_sim of symbol.
        Warning: Unknown child exclude_from_sim of symbol.
        Warning: Unknown child exclude_from_sim of symbol.
        Warning: Unknown child exclude_from_sim of symbol.
        Warning: Unknown child exclude_from_sim of symbol.
        Warning: Unknown child exclude_from_sim of symbol.
        Warning: Unknown child exclude_from_sim of symbol.
        Warning: Unknown child exclude_from_sim of symbol.
        Warning: Unknown child exclude_from_sim of symbol.
        Warning: Unknown child exclude_from_sim of symbol.
        Warning: Unknown child exclude_from_sim of symbol.
        Warning: Unknown child exclude_from_sim of symbol.
        Warning: Unknown child exclude_from_sim of symbol.
        Warning: Unknown child exclude_from_sim of symbol.
        Warning: Unknown child exclude_from_sim of symbol.
        Warning: Unknown child exclude_from_sim of symbol.
        Warning: Unknown child exclude_from_sim of symbol.
        Warning: Unknown child exclude_from_sim of symbol.
        Warning: Unknown child exclude_from_sim of symbol.
        Warning: Unknown child exclude_from_sim of symbol.
        Warning: Unknown child exclude_from_sim of symbol.
    EndSection
    Section : Loading Schematic - C:\Users\nicho\OneDrive\Documents\TAFLab\TAFLab Arduino Boat\TAFLab Sensors.kicad_sch
        Warning: Unknown child generator_version of kicad_sch.
        Warning: Unknown child exclude_from_sim of symbol.
        Warning: Unknown child exclude_from_sim of symbol.
        Warning: Unknown child exclude_from_sim of symbol.
        Warning: Unknown child exclude_from_sim of symbol.
        Warning: Unknown child exclude_from_sim of symbol.
        Warning: Unknown child exclude_from_sim of symbol.
        Warning: Unknown child exclude_from_sim of symbol.
        Warning: Unknown child exclude_from_sim of symbol.
        Warning: Unknown child exclude_from_sim of symbol.
        Warning: Unknown child exclude_from_sim of symbol.
        Warning: Unknown child exclude_from_sim of symbol.
        Warning: Unknown child exclude_from_sim of symbol.
        Warning: Unknown child exclude_from_sim of symbol.
        Warning: Unknown child exclude_from_sim of symbol.
        Warning: Unknown child exclude_from_sim of symbol.
        Warning: Unknown child exclude_from_sim of symbol.
        Warning: Unknown child exclude_from_sim of symbol.
        Warning: Unknown child exclude_from_sim of symbol.
        Warning: Unknown child exclude_from_sim of symbol.
        Warning: Unknown child exclude_from_sim of symbol.
        Warning: Unknown child exclude_from_sim of symbol.
        Warning: Unknown child exclude_from_sim of symbol.
        Warning: Unknown child text_box of kicad_sch.
        Warning: Unknown child exclude_from_sim of text.
        Warning: Unknown child exclude_from_sim of text.
        Warning: Unknown child exclude_from_sim of text.
        Warning: Unknown child exclude_from_sim of text.
        Warning: Unknown child exclude_from_sim of text.
        Warning: Unknown child exclude_from_sim of text.
        Warning: Unknown child exclude_from_sim of text.
        Warning: Unknown child exclude_from_sim of text.
        Warning: Unknown child exclude_from_sim of text.
        Warning: Unknown child exclude_from_sim of text.
        Warning: Unknown child exclude_from_sim of text.
        Warning: Unknown child exclude_from_sim of text.
        Warning: Unknown child exclude_from_sim of text.
        Warning: Unknown child exclude_from_sim of text.
        Warning: Unknown child exclude_from_sim of text.
        Warning: Unknown child exclude_from_sim of text.
        Warning: Unknown child exclude_from_sim of text.
        Warning: Unknown child exclude_from_sim of text.
        Warning: Unknown child exclude_from_sim of text.
        Warning: Unknown child exclude_from_sim of text.
        Warning: Unknown child exclude_from_sim of text.
        Warning: Unknown child exclude_from_sim of text.
        Warning: Unknown child exclude_from_sim of text.
        Warning: Unknown child exclude_from_sim of text.
        Warning: Unknown child exclude_from_sim of text.
        Warning: Unknown child exclude_from_sim of symbol.
        Warning: Unknown child exclude_from_sim of symbol.
        Warning: Unknown child exclude_from_sim of symbol.
        Warning: Unknown child exclude_from_sim of symbol.
        Warning: Unknown child exclude_from_sim of symbol.
        Warning: Unknown child exclude_from_sim of symbol.
        Warning: Unknown child exclude_from_sim of symbol.
        Warning: Unknown child exclude_from_sim of symbol.
        Warning: Unknown child exclude_from_sim of symbol.
        Warning: Unknown child exclude_from_sim of symbol.
        Warning: Unknown child exclude_from_sim of symbol.
        Warning: Unknown child exclude_from_sim of symbol.
        Warning: Unknown child exclude_from_sim of symbol.
        Warning: Unknown child exclude_from_sim of symbol.
        Warning: Unknown child exclude_from_sim of symbol.
        Warning: Unknown child exclude_from_sim of symbol.
        Warning: Unknown child exclude_from_sim of symbol.
        Warning: Unknown child exclude_from_sim of symbol.
        Warning: Unknown child exclude_from_sim of symbol.
        Warning: Unknown child exclude_from_sim of symbol.
        Warning: Unknown child exclude_from_sim of symbol.
        Warning: Unknown child exclude_from_sim of symbol.
        Warning: Unknown child exclude_from_sim of symbol.
        Warning: Unknown child exclude_from_sim of symbol.
        Warning: Unknown child exclude_from_sim of symbol.
        Warning: Unknown child exclude_from_sim of symbol.
        Warning: Unknown child exclude_from_sim of symbol.
        Warning: Unknown child exclude_from_sim of symbol.
        Warning: Unknown child exclude_from_sim of symbol.
        Warning: Unknown child exclude_from_sim of symbol.
        Warning: Unknown child exclude_from_sim of symbol.
        Warning: Unknown child exclude_from_sim of symbol.
        Warning: Unknown child exclude_from_sim of symbol.
        Warning: Unknown child exclude_from_sim of symbol.
        Warning: Unknown child exclude_from_sim of symbol.
        Warning: Unknown child exclude_from_sim of symbol.
        Warning: Unknown child exclude_from_sim of symbol.
    EndSection
